2017-09-01 16:08:59.853  INFO 13104 --- [restartedMain] com.sfinx.pdmm.SfinxAuthApplication      : Starting SfinxAuthApplication on marojas-PC with PID 13104 (C:\Users\marojas\workspace-training\sfx-auth\target\classes started by marojas in C:\Users\marojas\workspace-training\sfx-auth)
2017-09-01 16:08:59.854  INFO 13104 --- [restartedMain] com.sfinx.pdmm.SfinxAuthApplication      : No active profile set, falling back to default profiles: default
2017-09-01 16:09:00.315  INFO 13104 --- [restartedMain] ationConfigEmbeddedWebApplicationContext : Refreshing org.springframework.boot.context.embedded.AnnotationConfigEmbeddedWebApplicationContext@6f5ea968: startup date [Fri Sep 01 16:09:00 CDT 2017]; root of context hierarchy
2017-09-01 16:09:01.434  INFO 13104 --- [restartedMain] o.s.b.f.s.DefaultListableBeanFactory     : Overriding bean definition for bean 'clientDetailsService' with a different definition: replacing [Root bean: class [org.springframework.aop.scope.ScopedProxyFactoryBean]; scope=; abstract=false; lazyInit=false; autowireMode=0; dependencyCheck=0; autowireCandidate=true; primary=false; factoryBeanName=null; factoryMethodName=null; initMethodName=null; destroyMethodName=null; defined in BeanDefinition defined in class path resource [org/springframework/security/oauth2/config/annotation/configuration/ClientDetailsServiceConfiguration.class]] with [Root bean: class [null]; scope=; abstract=false; lazyInit=false; autowireMode=3; dependencyCheck=0; autowireCandidate=true; primary=false; factoryBeanName=authorizationServerConfig; factoryMethodName=clientDetailsService; initMethodName=null; destroyMethodName=(inferred); defined in class path resource [com/sfinx/pdmm/oauth/config/AuthorizationServerConfig.class]]
2017-09-01 16:09:02.589  INFO 13104 --- [restartedMain] trationDelegate$BeanPostProcessorChecker : Bean 'org.springframework.transaction.annotation.ProxyTransactionManagementConfiguration' of type [org.springframework.transaction.annotation.ProxyTransactionManagementConfiguration$$EnhancerBySpringCGLIB$$fd260b32] is not eligible for getting processed by all BeanPostProcessors (for example: not eligible for auto-proxying)
2017-09-01 16:09:02.669  INFO 13104 --- [restartedMain] trationDelegate$BeanPostProcessorChecker : Bean 'security.oauth2.client-org.springframework.boot.autoconfigure.security.oauth2.OAuth2ClientProperties' of type [org.springframework.boot.autoconfigure.security.oauth2.OAuth2ClientProperties] is not eligible for getting processed by all BeanPostProcessors (for example: not eligible for auto-proxying)
2017-09-01 16:09:02.682  INFO 13104 --- [restartedMain] trationDelegate$BeanPostProcessorChecker : Bean 'org.springframework.boot.autoconfigure.security.oauth2.OAuth2AutoConfiguration' of type [org.springframework.boot.autoconfigure.security.oauth2.OAuth2AutoConfiguration$$EnhancerBySpringCGLIB$$b46fc732] is not eligible for getting processed by all BeanPostProcessors (for example: not eligible for auto-proxying)
2017-09-01 16:09:02.703  INFO 13104 --- [restartedMain] trationDelegate$BeanPostProcessorChecker : Bean 'resourceServerProperties' of type [org.springframework.boot.autoconfigure.security.oauth2.resource.ResourceServerProperties] is not eligible for getting processed by all BeanPostProcessors (for example: not eligible for auto-proxying)
2017-09-01 16:09:03.153  INFO 13104 --- [restartedMain] s.b.c.e.t.TomcatEmbeddedServletContainer : Tomcat initialized with port(s): 8081 (http)
2017-09-01 16:09:03.166  INFO 13104 --- [restartedMain] o.apache.catalina.core.StandardService   : Starting service [Tomcat]
2017-09-01 16:09:03.167  INFO 13104 --- [restartedMain] org.apache.catalina.core.StandardEngine  : Starting Servlet Engine: Apache Tomcat/8.5.15
2017-09-01 16:09:03.318  INFO 13104 --- [localhost-startStop-1] o.a.c.c.C.[Tomcat].[localhost].[/]       : Initializing Spring embedded WebApplicationContext
2017-09-01 16:09:03.324  INFO 13104 --- [localhost-startStop-1] o.s.web.context.ContextLoader            : Root WebApplicationContext: initialization completed in 3059 ms
2017-09-01 16:09:03.577  INFO 13104 --- [localhost-startStop-1] o.s.b.w.servlet.FilterRegistrationBean   : Mapping filter: 'characterEncodingFilter' to: [/*]
2017-09-01 16:09:03.578  INFO 13104 --- [localhost-startStop-1] o.s.b.w.servlet.FilterRegistrationBean   : Mapping filter: 'hiddenHttpMethodFilter' to: [/*]
2017-09-01 16:09:03.578  INFO 13104 --- [localhost-startStop-1] o.s.b.w.servlet.FilterRegistrationBean   : Mapping filter: 'httpPutFormContentFilter' to: [/*]
2017-09-01 16:09:03.583  INFO 13104 --- [localhost-startStop-1] o.s.b.w.servlet.FilterRegistrationBean   : Mapping filter: 'requestContextFilter' to: [/*]
2017-09-01 16:09:03.585  INFO 13104 --- [localhost-startStop-1] .s.DelegatingFilterProxyRegistrationBean : Mapping filter: 'springSecurityFilterChain' to: [/*]
2017-09-01 16:09:03.585  INFO 13104 --- [localhost-startStop-1] o.s.b.w.servlet.ServletRegistrationBean  : Mapping servlet: 'dispatcherServlet' to [/]
2017-09-01 16:09:04.479  INFO 13104 --- [restartedMain] j.LocalContainerEntityManagerFactoryBean : Building JPA container EntityManagerFactory for persistence unit 'default'
2017-09-01 16:09:04.502  INFO 13104 --- [restartedMain] o.hibernate.jpa.internal.util.LogHelper  : HHH000204: Processing PersistenceUnitInfo [
	name: default
	...]
2017-09-01 16:09:04.611  INFO 13104 --- [restartedMain] org.hibernate.Version                    : HHH000412: Hibernate Core {5.0.12.Final}
2017-09-01 16:09:04.614  INFO 13104 --- [restartedMain] org.hibernate.cfg.Environment            : HHH000206: hibernate.properties not found
2017-09-01 16:09:04.616  INFO 13104 --- [restartedMain] org.hibernate.cfg.Environment            : HHH000021: Bytecode provider name : javassist
2017-09-01 16:09:04.686  INFO 13104 --- [restartedMain] o.hibernate.annotations.common.Version   : HCANN000001: Hibernate Commons Annotations {5.0.1.Final}
2017-09-01 16:09:04.869  INFO 13104 --- [restartedMain] org.hibernate.dialect.Dialect            : HHH000400: Using dialect: org.hibernate.dialect.PostgreSQLDialect
2017-09-01 16:09:05.094  INFO 13104 --- [restartedMain] o.h.e.j.e.i.LobCreatorBuilderImpl        : HHH000424: Disabling contextual LOB creation as createClob() method threw error : java.lang.reflect.InvocationTargetException
2017-09-01 16:09:05.096  INFO 13104 --- [restartedMain] org.hibernate.type.BasicTypeRegistry     : HHH000270: Type registration [java.util.UUID] overrides previous : org.hibernate.type.UUIDBinaryType@774787dc
2017-09-01 16:09:05.278  WARN 13104 --- [restartedMain] org.hibernate.orm.deprecation            : HHH90000014: Found use of deprecated [org.hibernate.id.SequenceHiLoGenerator] sequence-based id generator; use org.hibernate.id.enhanced.SequenceStyleGenerator instead.  See Hibernate Domain Model Mapping Guide for details.
2017-09-01 16:09:05.282  WARN 13104 --- [restartedMain] org.hibernate.orm.deprecation            : HHH90000014: Found use of deprecated [org.hibernate.id.SequenceHiLoGenerator] sequence-based id generator; use org.hibernate.id.enhanced.SequenceStyleGenerator instead.  See Hibernate Domain Model Mapping Guide for details.
2017-09-01 16:09:05.670  INFO 13104 --- [restartedMain] j.LocalContainerEntityManagerFactoryBean : Initialized JPA EntityManagerFactory for persistence unit 'default'
2017-09-01 16:09:06.877  INFO 13104 --- [restartedMain] .s.o.p.e.FrameworkEndpointHandlerMapping : Mapped "{[/oauth/authorize]}" onto public org.springframework.web.servlet.ModelAndView org.springframework.security.oauth2.provider.endpoint.AuthorizationEndpoint.authorize(java.util.Map<java.lang.String, java.lang.Object>,java.util.Map<java.lang.String, java.lang.String>,org.springframework.web.bind.support.SessionStatus,java.security.Principal)
2017-09-01 16:09:06.887  INFO 13104 --- [restartedMain] .s.o.p.e.FrameworkEndpointHandlerMapping : Mapped "{[/oauth/authorize],methods=[POST],params=[user_oauth_approval]}" onto public org.springframework.web.servlet.View org.springframework.security.oauth2.provider.endpoint.AuthorizationEndpoint.approveOrDeny(java.util.Map<java.lang.String, java.lang.String>,java.util.Map<java.lang.String, ?>,org.springframework.web.bind.support.SessionStatus,java.security.Principal)
2017-09-01 16:09:06.889  INFO 13104 --- [restartedMain] .s.o.p.e.FrameworkEndpointHandlerMapping : Mapped "{[/oauth/token],methods=[POST]}" onto public org.springframework.http.ResponseEntity<org.springframework.security.oauth2.common.OAuth2AccessToken> org.springframework.security.oauth2.provider.endpoint.TokenEndpoint.postAccessToken(java.security.Principal,java.util.Map<java.lang.String, java.lang.String>) throws org.springframework.web.HttpRequestMethodNotSupportedException
2017-09-01 16:09:06.891  INFO 13104 --- [restartedMain] .s.o.p.e.FrameworkEndpointHandlerMapping : Mapped "{[/oauth/token],methods=[GET]}" onto public org.springframework.http.ResponseEntity<org.springframework.security.oauth2.common.OAuth2AccessToken> org.springframework.security.oauth2.provider.endpoint.TokenEndpoint.getAccessToken(java.security.Principal,java.util.Map<java.lang.String, java.lang.String>) throws org.springframework.web.HttpRequestMethodNotSupportedException
2017-09-01 16:09:06.892  INFO 13104 --- [restartedMain] .s.o.p.e.FrameworkEndpointHandlerMapping : Mapped "{[/oauth/check_token]}" onto public java.util.Map<java.lang.String, ?> org.springframework.security.oauth2.provider.endpoint.CheckTokenEndpoint.checkToken(java.lang.String)
2017-09-01 16:09:06.900  INFO 13104 --- [restartedMain] .s.o.p.e.FrameworkEndpointHandlerMapping : Mapped "{[/oauth/confirm_access]}" onto public org.springframework.web.servlet.ModelAndView org.springframework.security.oauth2.provider.endpoint.WhitelabelApprovalEndpoint.getAccessConfirmation(java.util.Map<java.lang.String, java.lang.Object>,javax.servlet.http.HttpServletRequest) throws java.lang.Exception
2017-09-01 16:09:06.903  INFO 13104 --- [restartedMain] .s.o.p.e.FrameworkEndpointHandlerMapping : Mapped "{[/oauth/error]}" onto public org.springframework.web.servlet.ModelAndView org.springframework.security.oauth2.provider.endpoint.WhitelabelErrorEndpoint.handleError(javax.servlet.http.HttpServletRequest)
2017-09-01 16:09:07.359  INFO 13104 --- [restartedMain] o.s.s.web.DefaultSecurityFilterChain     : Creating filter chain: Ant [pattern='/webjars/**'], []
2017-09-01 16:09:07.360  INFO 13104 --- [restartedMain] o.s.s.web.DefaultSecurityFilterChain     : Creating filter chain: Ant [pattern='/css/**'], []
2017-09-01 16:09:07.367  INFO 13104 --- [restartedMain] o.s.s.web.DefaultSecurityFilterChain     : Creating filter chain: Ant [pattern='/js/**'], []
2017-09-01 16:09:07.508  INFO 13104 --- [restartedMain] o.s.s.web.DefaultSecurityFilterChain     : Creating filter chain: OrRequestMatcher [requestMatchers=[Ant [pattern='/oauth/token'], Ant [pattern='/oauth/token_key'], Ant [pattern='/oauth/check_token']]], [org.springframework.security.web.context.request.async.WebAsyncManagerIntegrationFilter@50f2096b, org.springframework.security.web.context.SecurityContextPersistenceFilter@630c61cb, org.springframework.security.web.header.HeaderWriterFilter@393a7107, org.springframework.security.web.authentication.logout.LogoutFilter@2c592670, org.springframework.security.web.authentication.www.BasicAuthenticationFilter@d45e958, org.springframework.security.web.savedrequest.RequestCacheAwareFilter@1ea7ffee, org.springframework.security.web.servletapi.SecurityContextHolderAwareRequestFilter@bc736ba, org.springframework.security.web.authentication.AnonymousAuthenticationFilter@725f2504, org.springframework.security.web.session.SessionManagementFilter@6ced59aa, org.springframework.security.web.access.ExceptionTranslationFilter@7375871e, org.springframework.security.web.access.intercept.FilterSecurityInterceptor@2728b1d5]
2017-09-01 16:09:07.540  INFO 13104 --- [restartedMain] o.s.s.web.DefaultSecurityFilterChain     : Creating filter chain: Ant [pattern='/me'], [org.springframework.security.web.context.request.async.WebAsyncManagerIntegrationFilter@1de0aada, org.springframework.security.web.context.SecurityContextPersistenceFilter@68548c36, org.springframework.security.web.header.HeaderWriterFilter@7ddf5268, org.springframework.security.web.authentication.logout.LogoutFilter@4065f904, org.springframework.security.oauth2.provider.authentication.OAuth2AuthenticationProcessingFilter@4817a5f9, org.springframework.security.web.savedrequest.RequestCacheAwareFilter@5f911181, org.springframework.security.web.servletapi.SecurityContextHolderAwareRequestFilter@58da4409, org.springframework.security.web.authentication.AnonymousAuthenticationFilter@4153078c, org.springframework.security.web.session.SessionManagementFilter@61ef2907, org.springframework.security.web.access.ExceptionTranslationFilter@13249adf, org.springframework.security.web.access.intercept.FilterSecurityInterceptor@71db4b56]
2017-09-01 16:09:07.583  INFO 13104 --- [restartedMain] o.s.s.web.DefaultSecurityFilterChain     : Creating filter chain: org.springframework.security.web.util.matcher.AnyRequestMatcher@1, [org.springframework.security.web.context.request.async.WebAsyncManagerIntegrationFilter@1ee3ae30, org.springframework.security.web.context.SecurityContextPersistenceFilter@5db220b6, org.springframework.security.web.header.HeaderWriterFilter@7b3c77ff, org.springframework.security.web.csrf.CsrfFilter@30034ec1, org.springframework.security.web.authentication.logout.LogoutFilter@729f7004, org.springframework.security.web.authentication.UsernamePasswordAuthenticationFilter@3ee5454d, org.springframework.security.web.savedrequest.RequestCacheAwareFilter@21f467db, org.springframework.security.web.servletapi.SecurityContextHolderAwareRequestFilter@39ef7f95, org.springframework.security.web.authentication.AnonymousAuthenticationFilter@4f6545a, org.springframework.security.web.session.SessionManagementFilter@51e34b1f, org.springframework.security.web.access.ExceptionTranslationFilter@4f8ebd, org.springframework.security.web.access.intercept.FilterSecurityInterceptor@7c1bd93b]
2017-09-01 16:09:08.023  INFO 13104 --- [restartedMain] s.w.s.m.m.a.RequestMappingHandlerAdapter : Looking for @ControllerAdvice: org.springframework.boot.context.embedded.AnnotationConfigEmbeddedWebApplicationContext@6f5ea968: startup date [Fri Sep 01 16:09:00 CDT 2017]; root of context hierarchy
2017-09-01 16:09:08.106  INFO 13104 --- [restartedMain] s.w.s.m.m.a.RequestMappingHandlerMapping : Mapped "{[/approvals],methods=[GET]}" onto public java.lang.String com.sfinx.pdmm.controllers.ApprovalController.approvals(java.util.Map<java.lang.String, java.lang.Object>,java.security.Principal)
2017-09-01 16:09:08.107  INFO 13104 --- [restartedMain] s.w.s.m.m.a.RequestMappingHandlerMapping : Mapped "{[/approvals/revoke],methods=[POST]}" onto public java.lang.String com.sfinx.pdmm.controllers.ApprovalController.revokeApproval(org.springframework.security.oauth2.provider.approval.Approval)
2017-09-01 16:09:08.111  INFO 13104 --- [restartedMain] s.w.s.m.m.a.RequestMappingHandlerMapping : Mapped "{[/authorities/form],methods=[GET]}" onto public java.lang.String com.sfinx.pdmm.controllers.AuthorityController.showAddOrUpdateForm(java.util.Map<java.lang.String, java.lang.Object>,java.lang.String)
2017-09-01 16:09:08.119  INFO 13104 --- [restartedMain] s.w.s.m.m.a.RequestMappingHandlerMapping : Mapped "{[/authorities/edit],methods=[POST]}" onto public java.lang.String com.sfinx.pdmm.controllers.AuthorityController.addOrUpdateUser(com.sfinx.pdmm.dto.AuthorityDTO)
2017-09-01 16:09:08.119  INFO 13104 --- [restartedMain] s.w.s.m.m.a.RequestMappingHandlerMapping : Mapped "{[/authorities]}" onto public java.lang.String com.sfinx.pdmm.controllers.AuthorityController.authorities(java.util.Map<java.lang.String, java.lang.Object>)
2017-09-01 16:09:08.120  INFO 13104 --- [restartedMain] s.w.s.m.m.a.RequestMappingHandlerMapping : Mapped "{[/authorities/delete],methods=[GET]}" onto public java.lang.String com.sfinx.pdmm.controllers.AuthorityController.deleteUser(java.lang.String)
2017-09-01 16:09:08.125  INFO 13104 --- [restartedMain] s.w.s.m.m.a.RequestMappingHandlerMapping : Mapped "{[/clients/form],methods=[GET]}" onto public java.lang.String com.sfinx.pdmm.controllers.ClientController.showAddOrUpdateForm(java.util.Map<java.lang.String, java.lang.Object>,java.lang.String)
2017-09-01 16:09:08.126  INFO 13104 --- [restartedMain] s.w.s.m.m.a.RequestMappingHandlerMapping : Mapped "{[/clients/edit],methods=[POST]}" onto public java.lang.String com.sfinx.pdmm.controllers.ClientController.addOrUpdateClient(org.springframework.security.oauth2.provider.client.BaseClientDetails,java.lang.String)
2017-09-01 16:09:08.126  INFO 13104 --- [restartedMain] s.w.s.m.m.a.RequestMappingHandlerMapping : Mapped "{[/clients],methods=[GET]}" onto public java.lang.String com.sfinx.pdmm.controllers.ClientController.clients(java.util.Map<java.lang.String, java.lang.Object>)
2017-09-01 16:09:08.127  INFO 13104 --- [restartedMain] s.w.s.m.m.a.RequestMappingHandlerMapping : Mapped "{[/clients/delete],methods=[GET]}" onto public java.lang.String com.sfinx.pdmm.controllers.ClientController.deleteClient(java.lang.String)
2017-09-01 16:09:08.130  INFO 13104 --- [restartedMain] s.w.s.m.m.a.RequestMappingHandlerMapping : Mapped "{[/]}" onto public java.lang.String com.sfinx.pdmm.controllers.IndexController.welcome()
2017-09-01 16:09:08.139  INFO 13104 --- [restartedMain] s.w.s.m.m.a.RequestMappingHandlerMapping : Mapped "{[/profile]}" onto public java.lang.String com.sfinx.pdmm.controllers.ProfileController.profile()
2017-09-01 16:09:08.142  INFO 13104 --- [restartedMain] s.w.s.m.m.a.RequestMappingHandlerMapping : Mapped "{[/users/form],methods=[GET]}" onto public java.lang.String com.sfinx.pdmm.controllers.UserController.showAddOrUpdateForm(java.util.Map<java.lang.String, java.lang.Object>,java.lang.String)
2017-09-01 16:09:08.144  INFO 13104 --- [restartedMain] s.w.s.m.m.a.RequestMappingHandlerMapping : Mapped "{[/users/edit],methods=[POST]}" onto public java.lang.String com.sfinx.pdmm.controllers.UserController.addOrUpdateUser(com.sfinx.pdmm.oauth.domain.User)
2017-09-01 16:09:08.146  INFO 13104 --- [restartedMain] s.w.s.m.m.a.RequestMappingHandlerMapping : Mapped "{[/users/delete],methods=[GET]}" onto public java.lang.String com.sfinx.pdmm.controllers.UserController.deleteUser(java.lang.String)
2017-09-01 16:09:08.146  INFO 13104 --- [restartedMain] s.w.s.m.m.a.RequestMappingHandlerMapping : Mapped "{[/users]}" onto public java.lang.String com.sfinx.pdmm.controllers.UserController.users(java.util.Map<java.lang.String, java.lang.Object>)
2017-09-01 16:09:08.147  INFO 13104 --- [restartedMain] s.w.s.m.m.a.RequestMappingHandlerMapping : Mapped "{[/users/status]}" onto public java.lang.String com.sfinx.pdmm.controllers.UserController.enableUser(java.lang.String,java.lang.String)
2017-09-01 16:09:08.148  INFO 13104 --- [restartedMain] s.w.s.m.m.a.RequestMappingHandlerMapping : Mapped "{[/login]}" onto public java.lang.String com.sfinx.pdmm.oauth.controllers.CustomController.login()
2017-09-01 16:09:08.150  INFO 13104 --- [restartedMain] s.w.s.m.m.a.RequestMappingHandlerMapping : Mapped "{[/unauthorized]}" onto public java.lang.String com.sfinx.pdmm.oauth.controllers.CustomController.error403()
2017-09-01 16:09:08.158  INFO 13104 --- [restartedMain] s.w.s.m.m.a.RequestMappingHandlerMapping : Mapped "{[/oauth/confirm_access]}" onto public java.lang.String com.sfinx.pdmm.oauth.controllers.CustomController.userApproval(java.util.Map<java.lang.String, java.lang.Object>,javax.servlet.http.HttpServletRequest)
2017-09-01 16:09:08.160  INFO 13104 --- [restartedMain] s.w.s.m.m.a.RequestMappingHandlerMapping : Mapped "{[/me]}" onto public java.security.Principal com.sfinx.pdmm.oauth.controllers.UserInfoController.me(java.security.Principal)
2017-09-01 16:09:08.165  INFO 13104 --- [restartedMain] s.w.s.m.m.a.RequestMappingHandlerMapping : Mapped "{[/error]}" onto public org.springframework.http.ResponseEntity<java.util.Map<java.lang.String, java.lang.Object>> org.springframework.boot.autoconfigure.web.BasicErrorController.error(javax.servlet.http.HttpServletRequest)
2017-09-01 16:09:08.166  INFO 13104 --- [restartedMain] s.w.s.m.m.a.RequestMappingHandlerMapping : Mapped "{[/error],produces=[text/html]}" onto public org.springframework.web.servlet.ModelAndView org.springframework.boot.autoconfigure.web.BasicErrorController.errorHtml(javax.servlet.http.HttpServletRequest,javax.servlet.http.HttpServletResponse)
2017-09-01 16:09:08.220  INFO 13104 --- [restartedMain] o.s.w.s.handler.SimpleUrlHandlerMapping  : Mapped URL path [/webjars/**] onto handler of type [class org.springframework.web.servlet.resource.ResourceHttpRequestHandler]
2017-09-01 16:09:08.221  INFO 13104 --- [restartedMain] o.s.w.s.handler.SimpleUrlHandlerMapping  : Mapped URL path [/**] onto handler of type [class org.springframework.web.servlet.resource.ResourceHttpRequestHandler]
2017-09-01 16:09:08.299  INFO 13104 --- [restartedMain] o.s.w.s.handler.SimpleUrlHandlerMapping  : Mapped URL path [/**/favicon.ico] onto handler of type [class org.springframework.web.servlet.resource.ResourceHttpRequestHandler]
2017-09-01 16:09:09.417  INFO 13104 --- [restartedMain] o.s.b.d.a.OptionalLiveReloadServer       : LiveReload server is running on port 35729
2017-09-01 16:09:09.519  INFO 13104 --- [restartedMain] o.s.j.e.a.AnnotationMBeanExporter        : Registering beans for JMX exposure on startup
2017-09-01 16:09:09.610  INFO 13104 --- [restartedMain] s.b.c.e.t.TomcatEmbeddedServletContainer : Tomcat started on port(s): 8081 (http)
2017-09-01 16:09:09.619  INFO 13104 --- [restartedMain] com.sfinx.pdmm.SfinxAuthApplication      : Started SfinxAuthApplication in 10.273 seconds (JVM running for 11.304)
2017-09-01 16:09:26.620  INFO 13104 --- [http-nio-8081-exec-1] o.a.c.c.C.[Tomcat].[localhost].[/]       : Initializing Spring FrameworkServlet 'dispatcherServlet'
2017-09-01 16:09:26.627  INFO 13104 --- [http-nio-8081-exec-1] o.s.web.servlet.DispatcherServlet        : FrameworkServlet 'dispatcherServlet': initialization started
2017-09-01 16:09:26.659  INFO 13104 --- [http-nio-8081-exec-1] o.s.web.servlet.DispatcherServlet        : FrameworkServlet 'dispatcherServlet': initialization completed in 32 ms
2017-09-01 16:09:26.906  INFO 13104 --- [http-nio-8081-exec-1] o.s.s.o.p.token.store.JdbcTokenStore     : Failed to find access token for token 526860d5-4b90-43f5-aac1-ce09ea0fd6ea
2017-09-01 16:10:22.194  INFO 13104 --- [RMI TCP Connection(2)-192.168.56.1] inMXBeanRegistrar$SpringApplicationAdmin : Application shutdown requested.
2017-09-01 16:10:22.200  INFO 13104 --- [RMI TCP Connection(2)-192.168.56.1] ationConfigEmbeddedWebApplicationContext : Closing org.springframework.boot.context.embedded.AnnotationConfigEmbeddedWebApplicationContext@6f5ea968: startup date [Fri Sep 01 16:09:00 CDT 2017]; root of context hierarchy
2017-09-01 16:10:22.202  INFO 13104 --- [RMI TCP Connection(2)-192.168.56.1] o.s.j.e.a.AnnotationMBeanExporter        : Unregistering JMX-exposed beans on shutdown
2017-09-01 16:10:22.205  INFO 13104 --- [RMI TCP Connection(2)-192.168.56.1] j.LocalContainerEntityManagerFactoryBean : Closing JPA EntityManagerFactory for persistence unit 'default'
